0 info it worked if it ends with ok
1 verbose cli [ 'C:\\Program Files\\nodejs\\node.exe',
1 verbose cli   'C:\\Program Files\\nodejs\\node_modules\\npm\\bin\\npm-cli.js',
1 verbose cli   'start' ]
2 info using npm@4.1.2
3 info using node@v7.5.0
4 verbose run-script [ 'prestart', 'start', 'poststart' ]
5 info lifecycle demoApp@0.0.0~prestart: demoApp@0.0.0
6 silly lifecycle demoApp@0.0.0~prestart: no script for prestart, continuing
7 info lifecycle demoApp@0.0.0~start: demoApp@0.0.0
8 verbose lifecycle demoApp@0.0.0~start: unsafe-perm in lifecycle true
9 verbose lifecycle demoApp@0.0.0~start: PATH: C:\Program Files\nodejs\node_modules\npm\bin\node-gyp-bin;D:\CLOUD FOUNDRY\demoApp(MEAN)\node_modules\.bin;C:\ProgramData\Oracle\Java\javapath;c:\Program Files (x86)\AMD APP\bin\x86_64;c:\Program Files (x86)\AMD APP\bin\x86;C:\Windows\system32;C:\Windows;C:\Windows\System32\Wbem;C:\Windows\System32\WindowsPowerShell\v1.0\;C:\Program Files (x86)\Skype\Phone\;C:\Windows\CCM;C:\Windows\CCM;C:\Program Files (x86)\Hewlett-Packard\HP ProtectTools Security Manager\Bin\;C:\Program Files\Java\jdk1.8.0_131\bin;C:\Program Files\TortoiseSVN\bin;C:\Program Files\Git\cmd;C:\cygwin64\bin;C:\cygwin64\usr\local\bin;C:\Program Files\nodejs\;C:\Program Files\Microsoft\Web Platform Installer\;C:\Program Files\MongoDB\Server\3.2\bin;C:\Users\jimeshp\AppData\Roaming\npm
10 verbose lifecycle demoApp@0.0.0~start: CWD: D:\CLOUD FOUNDRY\demoApp(MEAN)
11 silly lifecycle demoApp@0.0.0~start: Args: [ '/d /s /c', 'node ./bin/www' ]
12 silly lifecycle demoApp@0.0.0~start: Returned: code: 1  signal: null
13 info lifecycle demoApp@0.0.0~start: Failed to exec start script
14 verbose stack Error: demoApp@0.0.0 start: `node ./bin/www`
14 verbose stack Exit status 1
14 verbose stack     at EventEmitter.<anonymous> (C:\Program Files\nodejs\node_modules\npm\lib\utils\lifecycle.js:279:16)
14 verbose stack     at emitTwo (events.js:106:13)
14 verbose stack     at EventEmitter.emit (events.js:192:7)
14 verbose stack     at ChildProcess.<anonymous> (C:\Program Files\nodejs\node_modules\npm\lib\utils\spawn.js:40:14)
14 verbose stack     at emitTwo (events.js:106:13)
14 verbose stack     at ChildProcess.emit (events.js:192:7)
14 verbose stack     at maybeClose (internal/child_process.js:890:16)
14 verbose stack     at Process.ChildProcess._handle.onexit (internal/child_process.js:226:5)
15 verbose pkgid demoApp@0.0.0
16 verbose cwd D:\CLOUD FOUNDRY\demoApp(MEAN)
17 error Windows_NT 6.1.7601
18 error argv "C:\\Program Files\\nodejs\\node.exe" "C:\\Program Files\\nodejs\\node_modules\\npm\\bin\\npm-cli.js" "start"
19 error node v7.5.0
20 error npm  v4.1.2
21 error code ELIFECYCLE
22 error demoApp@0.0.0 start: `node ./bin/www`
22 error Exit status 1
23 error Failed at the demoApp@0.0.0 start script 'node ./bin/www'.
23 error Make sure you have the latest version of node.js and npm installed.
23 error If you do, this is most likely a problem with the demoApp package,
23 error not with npm itself.
23 error Tell the author that this fails on your system:
23 error     node ./bin/www
23 error You can get information on how to open an issue for this project with:
23 error     npm bugs demoApp
23 error Or if that isn't available, you can get their info via:
23 error     npm owner ls demoApp
23 error There is likely additional logging output above.
24 verbose exit [ 1, true ]
